<?xml version="1.0" encoding="UTF-8"?>
<!-- Generated by org.testng.reporters.JUnitReportReporter -->
<testsuite hostname="Macminis-Mac-mini.local" name="ANDROID_ARMS.ANDROID_ARMS.FeedAdVAlidationonUI" tests="9" failures="1" timestamp="9 Apr 2018 14:00:11 GMT" time="800.137" errors="0">
  <testcase name="test" time="70.312" classname="ANDROID_ARMS.ANDROID_ARMS.FeedAdVAlidationonUI"/>
  <testcase name="Validating_feed2" time="27.173" classname="ANDROID_ARMS.ANDROID_ARMS.FeedAdVAlidationonUI"/>
  <testcase name="Extended_hourly_page_Ad" time="168.909" classname="ANDROID_ARMS.ANDROID_ARMS.FeedAdVAlidationonUI"/>
  <testcase name="Extended_Maps_Radar_page_Ad" time="237.246" classname="ANDROID_ARMS.ANDROID_ARMS.FeedAdVAlidationonUI"/>
  <testcase name="Validating_feed3" time="11.916" classname="ANDROID_ARMS.ANDROID_ARMS.FeedAdVAlidationonUI"/>
  <testcase name="Validating_feed1" time="39.670" classname="ANDROID_ARMS.ANDROID_ARMS.FeedAdVAlidationonUI"/>
  <testcase name="Extended_Daily_page_Ad" time="19.333" classname="ANDROID_ARMS.ANDROID_ARMS.FeedAdVAlidationonUI"/>
  <testcase name="Extended_News_page_Ad" time="144.480" classname="ANDROID_ARMS.ANDROID_ARMS.FeedAdVAlidationonUI"/>
  <testcase name="Validating_feed4" time="81.098" classname="ANDROID_ARMS.ANDROID_ARMS.FeedAdVAlidationonUI">
    <failure type="java.lang.AssertionError" message="feed4 ad not present">
      <![CDATA[java.lang.AssertionError: feed4 ad not present
	at org.testng.Assert.fail(Assert.java:94)
	at twc.Automation.HandleWithAppium.AppiumFunctions.Check_feed4_ad(AppiumFunctions.java:467)
	at ANDROID_ARMS.ANDROID_ARMS.FeedAdVAlidationonUI.Validating_feed4(FeedAdVAlidationonUI.java:93)
	at sun.reflect.NativeMethodAccessorImpl.invoke0(Native Method)
	at sun.reflect.NativeMethodAccessorImpl.invoke(NativeMethodAccessorImpl.java:62)
	at sun.reflect.DelegatingMethodAccessorImpl.invoke(DelegatingMethodAccessorImpl.java:43)
	at java.lang.reflect.Method.invoke(Method.java:498)
	at org.testng.internal.MethodInvocationHelper.invokeMethod(MethodInvocationHelper.java:86)
	at org.testng.internal.Invoker.invokeMethod(Invoker.java:643)
	at org.testng.internal.Invoker.invokeTestMethod(Invoker.java:820)
	at org.testng.internal.Invoker.invokeTestMethods(Invoker.java:1128)
	at org.testng.internal.TestMethodWorker.invokeTestMethods(TestMethodWorker.java:129)
	at org.testng.internal.TestMethodWorker.run(TestMethodWorker.java:112)
	at org.testng.TestRunner.privateRun(TestRunner.java:782)
	at org.testng.TestRunner.run(TestRunner.java:632)
	at org.testng.SuiteRunner.runTest(SuiteRunner.java:366)
	at org.testng.SuiteRunner.runSequentially(SuiteRunner.java:361)
	at org.testng.SuiteRunner.privateRun(SuiteRunner.java:319)
	at org.testng.SuiteRunner.run(SuiteRunner.java:268)
	at org.testng.SuiteRunnerWorker.runSuite(SuiteRunnerWorker.java:52)
	at org.testng.SuiteRunnerWorker.run(SuiteRunnerWorker.java:86)
	at org.testng.TestNG.runSuitesSequentially(TestNG.java:1244)
	at org.testng.TestNG.runSuitesLocally(TestNG.java:1169)
	at org.testng.TestNG.run(TestNG.java:1064)
	at org.testng.remote.AbstractRemoteTestNG.run(AbstractRemoteTestNG.java:114)
	at org.testng.remote.RemoteTestNG.initAndRun(RemoteTestNG.java:251)
	at org.testng.remote.RemoteTestNG.main(RemoteTestNG.java:77)
]]>
    </failure>
  </testcase> <!-- Validating_feed4 -->
</testsuite> <!-- ANDROID_ARMS.ANDROID_ARMS.FeedAdVAlidationonUI -->
