<?xml version="1.0" encoding="UTF-8"?>
<!-- Generated by org.testng.reporters.JUnitReportReporter -->
<testsuite hostname="Macminis-Mac-mini.local" name="ANDROID_ARMS.ANDROID_ARMS.FeedAdVAlidationonUI" tests="4" failures="0" timestamp="30 Jan 2018 16:39:46 GMT" time="85.520" errors="0">
  <testcase name="Validating_feed2" time="23.970" classname="ANDROID_ARMS.ANDROID_ARMS.FeedAdVAlidationonUI"/>
  <testcase name="Validating_feed1" time="38.394" classname="ANDROID_ARMS.ANDROID_ARMS.FeedAdVAlidationonUI"/>
  <testcase name="Validating_feed4" time="11.342" classname="ANDROID_ARMS.ANDROID_ARMS.FeedAdVAlidationonUI"/>
  <testcase name="Validating_feed3" time="11.814" classname="ANDROID_ARMS.ANDROID_ARMS.FeedAdVAlidationonUI"/>
</testsuite> <!-- ANDROID_ARMS.ANDROID_ARMS.FeedAdVAlidationonUI -->
